<?xml version="1.0" encoding="UTF-8"?>
<testng-results skipped="0" failed="0" ignored="0" total="1" passed="1">
  <reporter-output>
  </reporter-output>
  <suite name="Default suite" duration-ms="7599" started-at="2020-01-21T07:19:31Z" finished-at="2020-01-21T07:19:39Z">
    <groups>
    </groups>
    <test name="Default test" duration-ms="7599" started-at="2020-01-21T07:19:31Z" finished-at="2020-01-21T07:19:39Z">
      <class name="DevopsTest">
        <test-method status="PASS" signature="beforeTest()[pri:0, instance:DevopsTest@c038203]" name="beforeTest" is-config="true" duration-ms="4995" started-at="2020-01-21T07:19:31Z" finished-at="2020-01-21T07:19:36Z">
          <reporter-output>
          </reporter-output>
        </test-method> <!-- beforeTest -->
        <test-method status="PASS" signature="openBrowser()[pri:0, instance:DevopsTest@c038203]" name="openBrowser" duration-ms="2104" started-at="2020-01-21T07:19:36Z" finished-at="2020-01-21T07:19:38Z">
          <reporter-output>
          </reporter-output>
        </test-method> <!-- openBrowser -->
        <test-method status="PASS" signature="afterTest()[pri:0, instance:DevopsTest@c038203]" name="afterTest" is-config="true" duration-ms="485" started-at="2020-01-21T07:19:38Z" finished-at="2020-01-21T07:19:39Z">
          <reporter-output>
          </reporter-output>
        </test-method> <!-- afterTest -->
      </class> <!-- DevopsTest -->
    </test> <!-- Default test -->
  </suite> <!-- Default suite -->
</testng-results>
